D:\YIMING\CODE\VS2010 PROJECT\GIT PROJECT\GPUMLEFIT_LM_UNITE\CPUMLEFIT_LM\X64\RELEASE\MEXFUNCTION.OBJ
D:\YIMING\CODE\VS2010 PROJECT\GIT PROJECT\GPUMLEFIT_LM_UNITE\CPUMLEFIT_LM\X64\RELEASE\CPUSPLINELIB.OBJ
D:\YIMING\CODE\VS2010 PROJECT\GIT PROJECT\GPUMLEFIT_LM_UNITE\CPUMLEFIT_LM\X64\RELEASE\CPUMLEFIT_LM.OBJ
D:\YIMING\CODE\VS2010 PROJECT\GIT PROJECT\GPUMLEFIT_LM_UNITE\CPUMLEFIT_LM\X64\RELEASE\CPUGAUSSLIB.OBJ
D:\YIMING\CODE\VS2010 PROJECT\GIT PROJECT\GPUMLEFIT_LM_UNITE\CPUMLEFIT_LM\X64\RELEASE\VC100.PDB
D:\Yiming\code\VS2010 Project\git project\GPUmleFit_LM_Unite\x64\Release\CPUmleFit_LM.lib
D:\Yiming\code\VS2010 Project\git project\GPUmleFit_LM_Unite\x64\Release\CPUmleFit_LM.exp
D:\YIMING\CODE\VS2010 PROJECT\GIT PROJECT\GPUMLEFIT_LM_UNITE\X64\RELEASE\CPUMLEFIT_LM.MEXW64
D:\YIMING\CODE\VS2010 PROJECT\GIT PROJECT\GPUMLEFIT_LM_UNITE\CPUMLEFIT_LM\X64\RELEASE\CPUMLEFIT_LM.MEXW64.INTERMEDIATE.MANIFEST
D:\YIMING\CODE\VS2010 PROJECT\GIT PROJECT\GPUMLEFIT_LM_UNITE\X64\RELEASE\CPUMLEFIT_LM.PDB
D:\Yiming\code\VS2010 Project\git project\GPUmleFit_LM_Unite\CPUmleFit_LM\x64\Release\CPUgaussLib.obj
D:\Yiming\code\VS2010 Project\git project\GPUmleFit_LM_Unite\CPUmleFit_LM\x64\Release\CPUmleFit_LM.obj
D:\Yiming\code\VS2010 Project\git project\GPUmleFit_LM_Unite\CPUmleFit_LM\x64\Release\CPUsplineLib.obj
D:\Yiming\code\VS2010 Project\git project\GPUmleFit_LM_Unite\CPUmleFit_LM\x64\Release\mexFunction.obj
D:\Yiming\code\VS2010 Project\git project\GPUmleFit_LM_Unite\CPUmleFit_LM\x64\Release\cl.command.1.tlog
D:\Yiming\code\VS2010 Project\git project\GPUmleFit_LM_Unite\CPUmleFit_LM\x64\Release\CL.read.1.tlog
D:\Yiming\code\VS2010 Project\git project\GPUmleFit_LM_Unite\CPUmleFit_LM\x64\Release\CL.write.1.tlog
D:\Yiming\code\VS2010 Project\git project\GPUmleFit_LM_Unite\CPUmleFit_LM\x64\Release\CPUmleFit_LM.write.1.tlog
D:\Yiming\code\VS2010 Project\git project\GPUmleFit_LM_Unite\CPUmleFit_LM\x64\Release\link.command.1.tlog
D:\Yiming\code\VS2010 Project\git project\GPUmleFit_LM_Unite\CPUmleFit_LM\x64\Release\link.read.1.tlog
D:\Yiming\code\VS2010 Project\git project\GPUmleFit_LM_Unite\CPUmleFit_LM\x64\Release\link.write.1.tlog
D:\Yiming\code\VS2010 Project\git project\GPUmleFit_LM_Unite\CPUmleFit_LM\x64\Release\mt.command.1.tlog
D:\Yiming\code\VS2010 Project\git project\GPUmleFit_LM_Unite\CPUmleFit_LM\x64\Release\mt.read.1.tlog
D:\Yiming\code\VS2010 Project\git project\GPUmleFit_LM_Unite\CPUmleFit_LM\x64\Release\mt.write.1.tlog
D:\Yiming\code\VS2010 Project\git project\GPUmleFit_LM_Unite\CPUmleFit_LM\x64\Release\CPUmleFit_LM.mexw64.intermediate.manifest
D:\Yiming\code\VS2010 Project\git project\GPUmleFit_LM_Unite\CPUmleFit_LM\x64\Release\vc100.pdb
D:\Yiming\code\VS2010 Project\git project\GPUmleFit_LM_Unite\x64\Release\CPUmleFit_LM.pdb
