Build started 3/1/2017 2:05:01 PM.
     1>Project "D:\Yiming\code\VS2010 Project\git project\GPUmleFit_LM\GPUmleFit_LM\GPUmleFit_LM.vcxproj" on node 2 (build target(s)).
     1>PrepareForBuild:
         Creating directory "D:\Yiming\code\VS2010 Project\git project\GPUmleFit_LM_Unite\Debug\".
       InitializeBuildStatus:
         Creating "Debug\GPUmleFit_LM.unsuccessfulbuild" because "AlwaysCreate" was specified.
       AddCudaCompileDeps:
         C:\Program Files (x86)\Microsoft Visual Studio 10.0\VC\bin\cl.exe /E /nologo /showIncludes /TP /D__CUDACC__ /D_MBCS /I"C:\Program Files\NVIDIA GPU Computing Toolkit\CUDA\v8.0\include" /I"C:\Program Files\NVIDIA GPU Computing Toolkit\CUDA\v8.0\bin" /I"C:\Program Files\NVIDIA GPU Computing Toolkit\CUDA\v8.0\include" /I. /FIcuda_runtime.h /c "D:\Yiming\code\VS2010 Project\git project\GPUmleFit_LM\GPUmleFit_LM\GPUmleFit_LM_EMCCD.cu" 
       AddCudaCompileDeps:
         C:\Program Files (x86)\Microsoft Visual Studio 10.0\VC\bin\cl.exe /E /nologo /showIncludes /TP /D__CUDACC__ /D_MBCS /I"C:\Program Files\NVIDIA GPU Computing Toolkit\CUDA\v8.0\include" /I"C:\Program Files\NVIDIA GPU Computing Toolkit\CUDA\v8.0\bin" /I"C:\Program Files\NVIDIA GPU Computing Toolkit\CUDA\v8.0\include" /I. /FIcuda_runtime.h /c "D:\Yiming\code\VS2010 Project\git project\GPUmleFit_LM\GPUmleFit_LM\GPUmleFit_LM_sCMOS.cu" 
       AddCudaCompileDeps:
         C:\Program Files (x86)\Microsoft Visual Studio 10.0\VC\bin\cl.exe /E /nologo /showIncludes /TP /D__CUDACC__ /D_MBCS /I"C:\Program Files\NVIDIA GPU Computing Toolkit\CUDA\v8.0\include" /I"C:\Program Files\NVIDIA GPU Computing Toolkit\CUDA\v8.0\bin" /I"C:\Program Files\NVIDIA GPU Computing Toolkit\CUDA\v8.0\include" /I. /FIcuda_runtime.h /c "D:\Yiming\code\VS2010 Project\git project\GPUmleFit_LM\GPUmleFit_LM\wrapper.cu" 
     1>Project "D:\Yiming\code\VS2010 Project\git project\GPUmleFit_LM\GPUmleFit_LM\GPUmleFit_LM.vcxproj" (1) is building "D:\Yiming\code\VS2010 Project\git project\GPUmleFit_LM\GPUmleFit_LM\GPUmleFit_LM.vcxproj" (1:2) on node 1 (CudaBuildCore target(s)).
     1>CudaBuildCore:
         Compiling CUDA source file GPUmleFit_LM_sCMOS.cu...
     1>Project "D:\Yiming\code\VS2010 Project\git project\GPUmleFit_LM\GPUmleFit_LM\GPUmleFit_LM.vcxproj" (1) is building "D:\Yiming\code\VS2010 Project\git project\GPUmleFit_LM\GPUmleFit_LM\GPUmleFit_LM.vcxproj" (1:3) on node 2 (CudaBuildCore target(s)).
     1>CudaBuildCore:
         Compiling CUDA source file GPUmleFit_LM_EMCCD.cu...
     1>Project "D:\Yiming\code\VS2010 Project\git project\GPUmleFit_LM\GPUmleFit_LM\GPUmleFit_LM.vcxproj" (1) is building "D:\Yiming\code\VS2010 Project\git project\GPUmleFit_LM\GPUmleFit_LM\GPUmleFit_LM.vcxproj" (1:4) on node 3 (CudaBuildCore target(s)).
     1>CudaBuildCore:
         Compiling CUDA source file wrapper.cu...
     1>CudaBuildCore:
         cmd.exe /C "C:\Users\ries group\AppData\Local\Temp\tmp048781f89afc4b6d831d9bcd5b091862.cmd"
         "C:\Program Files\NVIDIA GPU Computing Toolkit\CUDA\v8.0\bin\nvcc.exe" -gencode=arch=compute_20,code=\"sm_20,compute_20\" --use-local-env --cl-version 2010 -ccbin "C:\Program Files (x86)\Microsoft Visual Studio 10.0\VC\bin"  -I"C:\Program Files\NVIDIA GPU Computing Toolkit\CUDA\v8.0\include" -I"C:\Program Files\NVIDIA GPU Computing Toolkit\CUDA\v8.0\include"  -G   --keep-dir Debug -maxrregcount=0  --machine 32 --compile -cudart static  -g   -D_MBCS -Xcompiler "/EHsc /W3 /nologo /Od  /Zi /RTC1 /MDd " -o Debug\GPUmleFit_LM_EMCCD.cu.obj "D:\Yiming\code\VS2010 Project\git project\GPUmleFit_LM\GPUmleFit_LM\GPUmleFit_LM_EMCCD.cu"
     1>CudaBuildCore:
         cmd.exe /C "C:\Users\ries group\AppData\Local\Temp\tmp956b58ba2de643ed885c9b077c1c453b.cmd"
         "C:\Program Files\NVIDIA GPU Computing Toolkit\CUDA\v8.0\bin\nvcc.exe" -gencode=arch=compute_20,code=\"sm_20,compute_20\" --use-local-env --cl-version 2010 -ccbin "C:\Program Files (x86)\Microsoft Visual Studio 10.0\VC\bin"  -I"C:\Program Files\NVIDIA GPU Computing Toolkit\CUDA\v8.0\include" -I"C:\Program Files\NVIDIA GPU Computing Toolkit\CUDA\v8.0\include"  -G   --keep-dir Debug -maxrregcount=0  --machine 32 --compile -cudart static  -g   -D_MBCS -Xcompiler "/EHsc /W3 /nologo /Od  /Zi /RTC1 /MDd " -o Debug\GPUmleFit_LM_sCMOS.cu.obj "D:\Yiming\code\VS2010 Project\git project\GPUmleFit_LM\GPUmleFit_LM\GPUmleFit_LM_sCMOS.cu"
     1>CudaBuildCore:
         cmd.exe /C "C:\Users\ries group\AppData\Local\Temp\tmp8fd093afac6b430c8f33d3fa861d12d3.cmd"
         "C:\Program Files\NVIDIA GPU Computing Toolkit\CUDA\v8.0\bin\nvcc.exe" -gencode=arch=compute_20,code=\"sm_20,compute_20\" --use-local-env --cl-version 2010 -ccbin "C:\Program Files (x86)\Microsoft Visual Studio 10.0\VC\bin"  -I"C:\Program Files\NVIDIA GPU Computing Toolkit\CUDA\v8.0\include" -I"C:\Program Files\NVIDIA GPU Computing Toolkit\CUDA\v8.0\include"  -G   --keep-dir Debug -maxrregcount=0  --machine 32 --compile -cudart static  -g   -D_MBCS -Xcompiler "/EHsc /W3 /nologo /Od  /Zi /RTC1 /MDd " -o Debug\wrapper.cu.obj "D:\Yiming\code\VS2010 Project\git project\GPUmleFit_LM\GPUmleFit_LM\wrapper.cu"
     1>CudaBuildCore:
         
         D:\Yiming\code\VS2010 Project\git project\GPUmleFit_LM\GPUmleFit_LM>"C:\Program Files\NVIDIA GPU Computing Toolkit\CUDA\v8.0\bin\nvcc.exe" -gencode=arch=compute_20,code=\"sm_20,compute_20\" --use-local-env --cl-version 2010 -ccbin "C:\Program Files (x86)\Microsoft Visual Studio 10.0\VC\bin"  -I"C:\Program Files\NVIDIA GPU Computing Toolkit\CUDA\v8.0\include" -I"C:\Program Files\NVIDIA GPU Computing Toolkit\CUDA\v8.0\include"  -G   --keep-dir Debug -maxrregcount=0  --machine 32 --compile -cudart static  -g   -D_MBCS -Xcompiler "/EHsc /W3 /nologo /Od  /Zi /RTC1 /MDd " -o Debug\GPUmleFit_LM_EMCCD.cu.obj "D:\Yiming\code\VS2010 Project\git project\GPUmleFit_LM\GPUmleFit_LM\GPUmleFit_LM_EMCCD.cu" 
     1>CudaBuildCore:
         
         D:\Yiming\code\VS2010 Project\git project\GPUmleFit_LM\GPUmleFit_LM>"C:\Program Files\NVIDIA GPU Computing Toolkit\CUDA\v8.0\bin\nvcc.exe" -gencode=arch=compute_20,code=\"sm_20,compute_20\" --use-local-env --cl-version 2010 -ccbin "C:\Program Files (x86)\Microsoft Visual Studio 10.0\VC\bin"  -I"C:\Program Files\NVIDIA GPU Computing Toolkit\CUDA\v8.0\include" -I"C:\Program Files\NVIDIA GPU Computing Toolkit\CUDA\v8.0\include"  -G   --keep-dir Debug -maxrregcount=0  --machine 32 --compile -cudart static  -g   -D_MBCS -Xcompiler "/EHsc /W3 /nologo /Od  /Zi /RTC1 /MDd " -o Debug\GPUmleFit_LM_sCMOS.cu.obj "D:\Yiming\code\VS2010 Project\git project\GPUmleFit_LM\GPUmleFit_LM\GPUmleFit_LM_sCMOS.cu" 
     1>CudaBuildCore:
         
         D:\Yiming\code\VS2010 Project\git project\GPUmleFit_LM\GPUmleFit_LM>"C:\Program Files\NVIDIA GPU Computing Toolkit\CUDA\v8.0\bin\nvcc.exe" -gencode=arch=compute_20,code=\"sm_20,compute_20\" --use-local-env --cl-version 2010 -ccbin "C:\Program Files (x86)\Microsoft Visual Studio 10.0\VC\bin"  -I"C:\Program Files\NVIDIA GPU Computing Toolkit\CUDA\v8.0\include" -I"C:\Program Files\NVIDIA GPU Computing Toolkit\CUDA\v8.0\include"  -G   --keep-dir Debug -maxrregcount=0  --machine 32 --compile -cudart static  -g   -D_MBCS -Xcompiler "/EHsc /W3 /nologo /Od  /Zi /RTC1 /MDd " -o Debug\wrapper.cu.obj "D:\Yiming\code\VS2010 Project\git project\GPUmleFit_LM\GPUmleFit_LM\wrapper.cu" 
     1>D:/Yiming/code/VS2010 Project/git project/GPUmleFit_LM/GPUmleFit_LM/GPUmleFit_LM_EMCCD.cu(4): fatal error C1083: Cannot open include file: 'mex.h': No such file or directory
     1>CUDACOMPILE : nvcc warning : The 'compute_20', 'sm_20', and 'sm_21' architectures are deprecated, and may be removed in a future release (Use -Wno-deprecated-gpu-targets to suppress warning).
     1>CUDACOMPILE : nvcc warning : nvcc support for Microsoft Visual Studio 2010 and earlier has been deprecated and is no longer being maintained
         GPUmleFit_LM_EMCCD.cu
     1>C:\Program Files (x86)\MSBuild\Microsoft.Cpp\v4.0\BuildCustomizations\CUDA 8.0.targets(687,9): error MSB3721: The command ""C:\Program Files\NVIDIA GPU Computing Toolkit\CUDA\v8.0\bin\nvcc.exe" -gencode=arch=compute_20,code=\"sm_20,compute_20\" --use-local-env --cl-version 2010 -ccbin "C:\Program Files (x86)\Microsoft Visual Studio 10.0\VC\bin"  -I"C:\Program Files\NVIDIA GPU Computing Toolkit\CUDA\v8.0\include" -I"C:\Program Files\NVIDIA GPU Computing Toolkit\CUDA\v8.0\include"  -G   --keep-dir Debug -maxrregcount=0  --machine 32 --compile -cudart static  -g   -D_MBCS -Xcompiler "/EHsc /W3 /nologo /Od  /Zi /RTC1 /MDd " -o Debug\GPUmleFit_LM_EMCCD.cu.obj "D:\Yiming\code\VS2010 Project\git project\GPUmleFit_LM\GPUmleFit_LM\GPUmleFit_LM_EMCCD.cu"" exited with code 2.
     1>Done Building Project "D:\Yiming\code\VS2010 Project\git project\GPUmleFit_LM\GPUmleFit_LM\GPUmleFit_LM.vcxproj" (CudaBuildCore target(s)) -- FAILED.
     1>D:/Yiming/code/VS2010 Project/git project/GPUmleFit_LM/GPUmleFit_LM/wrapper.cu(10): fatal error C1083: Cannot open include file: 'GPUgaussLib.h': No such file or directory
     1>CUDACOMPILE : nvcc warning : The 'compute_20', 'sm_20', and 'sm_21' architectures are deprecated, and may be removed in a future release (Use -Wno-deprecated-gpu-targets to suppress warning).
     1>CUDACOMPILE : nvcc warning : nvcc support for Microsoft Visual Studio 2010 and earlier has been deprecated and is no longer being maintained
         wrapper.cu
     1>C:\Program Files (x86)\MSBuild\Microsoft.Cpp\v4.0\BuildCustomizations\CUDA 8.0.targets(687,9): error MSB3721: The command ""C:\Program Files\NVIDIA GPU Computing Toolkit\CUDA\v8.0\bin\nvcc.exe" -gencode=arch=compute_20,code=\"sm_20,compute_20\" --use-local-env --cl-version 2010 -ccbin "C:\Program Files (x86)\Microsoft Visual Studio 10.0\VC\bin"  -I"C:\Program Files\NVIDIA GPU Computing Toolkit\CUDA\v8.0\include" -I"C:\Program Files\NVIDIA GPU Computing Toolkit\CUDA\v8.0\include"  -G   --keep-dir Debug -maxrregcount=0  --machine 32 --compile -cudart static  -g   -D_MBCS -Xcompiler "/EHsc /W3 /nologo /Od  /Zi /RTC1 /MDd " -o Debug\wrapper.cu.obj "D:\Yiming\code\VS2010 Project\git project\GPUmleFit_LM\GPUmleFit_LM\wrapper.cu"" exited with code 2.
     1>Done Building Project "D:\Yiming\code\VS2010 Project\git project\GPUmleFit_LM\GPUmleFit_LM\GPUmleFit_LM.vcxproj" (CudaBuildCore target(s)) -- FAILED.
     1>D:/Yiming/code/VS2010 Project/git project/GPUmleFit_LM/GPUmleFit_LM/GPUmleFit_LM_sCMOS.cu(4): fatal error C1083: Cannot open include file: 'mex.h': No such file or directory
     1>CUDACOMPILE : nvcc warning : The 'compute_20', 'sm_20', and 'sm_21' architectures are deprecated, and may be removed in a future release (Use -Wno-deprecated-gpu-targets to suppress warning).
     1>CUDACOMPILE : nvcc warning : nvcc support for Microsoft Visual Studio 2010 and earlier has been deprecated and is no longer being maintained
         GPUmleFit_LM_sCMOS.cu
     1>C:\Program Files (x86)\MSBuild\Microsoft.Cpp\v4.0\BuildCustomizations\CUDA 8.0.targets(687,9): error MSB3721: The command ""C:\Program Files\NVIDIA GPU Computing Toolkit\CUDA\v8.0\bin\nvcc.exe" -gencode=arch=compute_20,code=\"sm_20,compute_20\" --use-local-env --cl-version 2010 -ccbin "C:\Program Files (x86)\Microsoft Visual Studio 10.0\VC\bin"  -I"C:\Program Files\NVIDIA GPU Computing Toolkit\CUDA\v8.0\include" -I"C:\Program Files\NVIDIA GPU Computing Toolkit\CUDA\v8.0\include"  -G   --keep-dir Debug -maxrregcount=0  --machine 32 --compile -cudart static  -g   -D_MBCS -Xcompiler "/EHsc /W3 /nologo /Od  /Zi /RTC1 /MDd " -o Debug\GPUmleFit_LM_sCMOS.cu.obj "D:\Yiming\code\VS2010 Project\git project\GPUmleFit_LM\GPUmleFit_LM\GPUmleFit_LM_sCMOS.cu"" exited with code 2.
     1>Done Building Project "D:\Yiming\code\VS2010 Project\git project\GPUmleFit_LM\GPUmleFit_LM\GPUmleFit_LM.vcxproj" (CudaBuildCore target(s)) -- FAILED.
     1>Done Building Project "D:\Yiming\code\VS2010 Project\git project\GPUmleFit_LM\GPUmleFit_LM\GPUmleFit_LM.vcxproj" (build target(s)) -- FAILED.

Build FAILED.

Time Elapsed 00:00:01.30
